<?xml version="1.0" encoding="UTF-8" ?>
<testsuite tests="1" failures="0" name="com.softtek.salesapplication.dao.CatalogoDaoTest" time="6.08" errors="1" skipped="0">
  <properties>
[...]
</properties>
  <testcase classname="com.softtek.salesapplication.dao.CatalogoDaoTest" name="catalogoDaoTest" time="5.704">
    <error message="Could not get JDBC Connection; nested exception is com.mysql.jdbc.exceptions.jdbc4.MySQLSyntaxErrorException: Unknown database &apos;spring&apos;" type="org.springframework.jdbc.CannotGetJdbcConnectionException">org.springframework.jdbc.CannotGetJdbcConnectionException: Could not get JDBC Connection; nested exception is com.mysql.jdbc.exceptions.jdbc4.MySQLSyntaxErrorException: Unknown database &apos;spring&apos;
	at org.springframework.jdbc.datasource.DataSourceUtils.getConnection(DataSourceUtils.java:80)
	at org.springframework.jdbc.core.JdbcTemplate.execute(JdbcTemplate.java:388)
	at org.springframework.jdbc.core.JdbcTemplate.query(JdbcTemplate.java:468)
	at org.springframework.jdbc.core.JdbcTemplate.query(JdbcTemplate.java:478)
	at com.softtek.salesapplication.dao.impl.CatalogoDaoImpl.getCatalogo(CatalogoDaoImpl.java:23)
	at com.softtek.salesapplication.dao.CatalogoDaoTest.catalogoDaoTest(CatalogoDaoTest.java:24)
	at sun.reflect.NativeMethodAccessorImpl.invoke0(Native Method)
	at sun.reflect.NativeMethodAccessorImpl.invoke(NativeMethodAccessorImpl.java:62)
	at sun.reflect.DelegatingMethodAccessorImpl.invoke(DelegatingMethodAccessorImpl.java:43)
	at java.lang.reflect.Method.invoke(Method.java:483)
	at org.junit.runners.model.FrameworkMethod$1.runReflectiveCall(FrameworkMethod.java:44)
	at org.junit.internal.runners.model.ReflectiveCallable.run(ReflectiveCallable.java:15)
	at org.junit.runners.model.FrameworkMethod.invokeExplosively(FrameworkMethod.java:41)
	at org.junit.internal.runners.statements.InvokeMethod.evaluate(InvokeMethod.java:20)
	at org.junit.internal.runners.statements.RunBefores.evaluate(RunBefores.java:28)
	at org.springframework.test.context.junit4.statements.RunBeforeTestMethodCallbacks.evaluate(RunBeforeTestMethodCallbacks.java:74)
	at org.junit.internal.runners.statements.RunAfters.evaluate(RunAfters.java:31)
	at org.springframework.test.context.junit4.statements.RunAfterTestMethodCallbacks.evaluate(RunAfterTestMethodCallbacks.java:83)
	at org.springframework.test.context.junit4.statements.SpringRepeat.evaluate(SpringRepeat.java:72)
	at org.springframework.test.context.junit4.SpringJUnit4ClassRunner.runChild(SpringJUnit4ClassRunner.java:233)
	at org.springframework.test.context.junit4.SpringJUnit4ClassRunner.runChild(SpringJUnit4ClassRunner.java:87)
	at org.junit.runners.ParentRunner.runChildren(ParentRunner.java:180)
	at org.junit.runners.ParentRunner.access$000(ParentRunner.java:41)
	at org.junit.runners.ParentRunner$1.evaluate(ParentRunner.java:173)
	at org.junit.internal.runners.statements.RunBefores.evaluate(RunBefores.java:28)
	at org.springframework.test.context.junit4.statements.RunBeforeTestClassCallbacks.evaluate(RunBeforeTestClassCallbacks.java:61)
	at org.junit.internal.runners.statements.RunAfters.evaluate(RunAfters.java:31)
	at org.springframework.test.context.junit4.statements.RunAfterTestClassCallbacks.evaluate(RunAfterTestClassCallbacks.java:71)
	at org.junit.runners.ParentRunner.run(ParentRunner.java:220)
	at org.springframework.test.context.junit4.SpringJUnit4ClassRunner.run(SpringJUnit4ClassRunner.java:176)
	at org.apache.maven.surefire.junit4.JUnit4TestSet.execute(JUnit4TestSet.java:53)
	at org.apache.maven.surefire.junit4.JUnit4Provider.executeTestSet(JUnit4Provider.java:123)
	at org.apache.maven.surefire.junit4.JUnit4Provider.invoke(JUnit4Provider.java:104)
	at sun.reflect.NativeMethodAccessorImpl.invoke0(Native Method)
	at sun.reflect.NativeMethodAccessorImpl.invoke(NativeMethodAccessorImpl.java:62)
	at sun.reflect.DelegatingMethodAccessorImpl.invoke(DelegatingMethodAccessorImpl.java:43)
	at java.lang.reflect.Method.invoke(Method.java:483)
	at org.apache.maven.surefire.util.ReflectionUtils.invokeMethodWithArray(ReflectionUtils.java:164)
	at org.apache.maven.surefire.booter.ProviderFactory$ProviderProxy.invoke(ProviderFactory.java:110)
	at org.apache.maven.surefire.booter.SurefireStarter.invokeProvider(SurefireStarter.java:175)
	at org.apache.maven.surefire.booter.SurefireStarter.runSuitesInProcessWhenForked(SurefireStarter.java:107)
	at org.apache.maven.surefire.booter.ForkedBooter.main(ForkedBooter.java:68)
Caused by: com.mysql.jdbc.exceptions.jdbc4.MySQLSyntaxErrorException: Unknown database &apos;spring&apos;
	at sun.reflect.NativeConstructorAccessorImpl.newInstance0(Native Method)
	at sun.reflect.NativeConstructorAccessorImpl.newInstance(NativeConstructorAccessorImpl.java:62)
	at sun.reflect.DelegatingConstructorAccessorImpl.newInstance(DelegatingConstructorAccessorImpl.java:45)
	at java.lang.reflect.Constructor.newInstance(Constructor.java:408)
	at com.mysql.jdbc.Util.handleNewInstance(Util.java:409)
	at com.mysql.jdbc.Util.getInstance(Util.java:384)
	at com.mysql.jdbc.SQLError.createSQLException(SQLError.java:1052)
	at com.mysql.jdbc.MysqlIO.checkErrorPacket(MysqlIO.java:4232)
	at com.mysql.jdbc.MysqlIO.checkErrorPacket(MysqlIO.java:4164)
	at com.mysql.jdbc.MysqlIO.checkErrorPacket(MysqlIO.java:926)
	at com.mysql.jdbc.MysqlIO.proceedHandshakeWithPluggableAuthentication(MysqlIO.java:1748)
	at com.mysql.jdbc.MysqlIO.doHandshake(MysqlIO.java:1288)
	at com.mysql.jdbc.ConnectionImpl.coreConnect(ConnectionImpl.java:2506)
	at com.mysql.jdbc.ConnectionImpl.connectOneTryOnly(ConnectionImpl.java:2539)
	at com.mysql.jdbc.ConnectionImpl.createNewIO(ConnectionImpl.java:2321)
	at com.mysql.jdbc.ConnectionImpl.&lt;init&gt;(ConnectionImpl.java:832)
	at com.mysql.jdbc.JDBC4Connection.&lt;init&gt;(JDBC4Connection.java:46)
	at sun.reflect.NativeConstructorAccessorImpl.newInstance0(Native Method)
	at sun.reflect.NativeConstructorAccessorImpl.newInstance(NativeConstructorAccessorImpl.java:62)
	at sun.reflect.DelegatingConstructorAccessorImpl.newInstance(DelegatingConstructorAccessorImpl.java:45)
	at java.lang.reflect.Constructor.newInstance(Constructor.java:408)
	at com.mysql.jdbc.Util.handleNewInstance(Util.java:409)
	at com.mysql.jdbc.ConnectionImpl.getInstance(ConnectionImpl.java:417)
	at com.mysql.jdbc.NonRegisteringDriver.connect(NonRegisteringDriver.java:344)
	at java.sql.DriverManager.getConnection(DriverManager.java:664)
	at java.sql.DriverManager.getConnection(DriverManager.java:208)
	at org.springframework.jdbc.datasource.DriverManagerDataSource.getConnectionFromDriverManager(DriverManagerDataSource.java:153)
	at org.springframework.jdbc.datasource.DriverManagerDataSource.getConnectionFromDriver(DriverManagerDataSource.java:144)
	at org.springframework.jdbc.datasource.AbstractDriverBasedDataSource.getConnectionFromDriver(AbstractDriverBasedDataSource.java:155)
	at org.springframework.jdbc.datasource.AbstractDriverBasedDataSource.getConnection(AbstractDriverBasedDataSource.java:120)
	at org.springframework.jdbc.datasource.DataSourceUtils.doGetConnection(DataSourceUtils.java:111)
	at org.springframework.jdbc.datasource.DataSourceUtils.getConnection(DataSourceUtils.java:77)
	... 41 more
</error>
    <system-out>[salesapp] DEBUG [main] SpringJUnit4ClassRunner.&lt;init&gt;(105) | SpringJUnit4ClassRunner constructor called with [class com.softtek.salesapplication.dao.CatalogoDaoTest].
[salesapp] DEBUG [main] AbstractDelegatingSmartContextLoader.delegateProcessing(89) | Delegating to GenericXmlContextLoader to process context configuration [ContextConfigurationAttributes@3796751b declaringClass = &apos;com.softtek.salesapplication.dao.SalesApplicationBaseDaoTest&apos;, locations = &apos;{/applicationContext.xml, /springweb-dao.xml}&apos;, classes = &apos;{}&apos;, inheritLocations = true, initializers = &apos;{}&apos;, inheritInitializers = true, name = [null], contextLoaderClass = &apos;org.springframework.test.context.ContextLoader&apos;].
[salesapp] DEBUG [main] ContextLoaderUtils.resolveActiveProfiles(502) | Could not find an &apos;annotation declaring class&apos; for annotation type [org.springframework.test.context.ActiveProfiles] and class [com.softtek.salesapplication.dao.CatalogoDaoTest]
[salesapp] DEBUG [main] ProfileValueUtils.retrieveProfileValueSource(70) | Retrieved @ProfileValueSourceConfiguration [null] for test class [com.softtek.salesapplication.dao.CatalogoDaoTest]
[salesapp] DEBUG [main] ProfileValueUtils.retrieveProfileValueSource(82) | Retrieved ProfileValueSource type [class org.springframework.test.annotation.SystemProfileValueSource] for class [com.softtek.salesapplication.dao.CatalogoDaoTest]
[salesapp] DEBUG [main] ProfileValueUtils.retrieveProfileValueSource(70) | Retrieved @ProfileValueSourceConfiguration [null] for test class [com.softtek.salesapplication.dao.CatalogoDaoTest]
[salesapp] DEBUG [main] ProfileValueUtils.retrieveProfileValueSource(82) | Retrieved ProfileValueSource type [class org.springframework.test.annotation.SystemProfileValueSource] for class [com.softtek.salesapplication.dao.CatalogoDaoTest]
[salesapp] DEBUG [main] ProfileValueUtils.retrieveProfileValueSource(70) | Retrieved @ProfileValueSourceConfiguration [null] for test class [com.softtek.salesapplication.dao.CatalogoDaoTest]
[salesapp] DEBUG [main] ProfileValueUtils.retrieveProfileValueSource(82) | Retrieved ProfileValueSource type [class org.springframework.test.annotation.SystemProfileValueSource] for class [com.softtek.salesapplication.dao.CatalogoDaoTest]
[salesapp] DEBUG [main] DependencyInjectionTestExecutionListener.prepareTestInstance(73) | Performing dependency injection for test context [[DefaultTestContext@61a485d2 testClass = CatalogoDaoTest, testInstance = com.softtek.salesapplication.dao.CatalogoDaoTest@39fb3ab6, testMethod = [null], testException = [null], mergedContextConfiguration = [MergedContextConfiguration@6276ae34 testClass = CatalogoDaoTest, locations = &apos;{classpath:/applicationContext.xml, classpath:/springweb-dao.xml}&apos;, classes = &apos;{}&apos;, contextInitializerClasses = &apos;[]&apos;, activeProfiles = &apos;{}&apos;, contextLoader = &apos;org.springframework.test.context.support.DelegatingSmartContextLoader&apos;, parent = [null]]]].
[salesapp] DEBUG [main] AbstractDelegatingSmartContextLoader.delegateLoading(98) | Delegating to GenericXmlContextLoader to load context from [MergedContextConfiguration@6276ae34 testClass = CatalogoDaoTest, locations = &apos;{classpath:/applicationContext.xml, classpath:/springweb-dao.xml}&apos;, classes = &apos;{}&apos;, contextInitializerClasses = &apos;[]&apos;, activeProfiles = &apos;{}&apos;, contextLoader = &apos;org.springframework.test.context.support.DelegatingSmartContextLoader&apos;, parent = [null]].
[salesapp] DEBUG [main] AbstractGenericContextLoader.loadContext(107) | Loading ApplicationContext for merged context configuration [[MergedContextConfiguration@6276ae34 testClass = CatalogoDaoTest, locations = &apos;{classpath:/applicationContext.xml, classpath:/springweb-dao.xml}&apos;, classes = &apos;{}&apos;, contextInitializerClasses = &apos;[]&apos;, activeProfiles = &apos;{}&apos;, contextLoader = &apos;org.springframework.test.context.support.DelegatingSmartContextLoader&apos;, parent = [null]]].
[salesapp] DEBUG [main] StandardEnvironment.addLast(110) | Adding [systemProperties] PropertySource with lowest search precedence
[salesapp] DEBUG [main] StandardEnvironment.addLast(110) | Adding [systemEnvironment] PropertySource with lowest search precedence
[salesapp] DEBUG [main] StandardEnvironment.&lt;init&gt;(126) | Initialized StandardEnvironment with PropertySources [systemProperties,systemEnvironment]
[salesapp] INFO [main] XmlBeanDefinitionReader.loadBeanDefinitions(316) | Loading XML bean definitions from class path resource [applicationContext.xml]
[salesapp] DEBUG [main] DefaultDocumentLoader.loadDocument(73) | Using JAXP provider [com.sun.org.apache.xerces.internal.jaxp.DocumentBuilderFactoryImpl]
[salesapp] DEBUG [main] PluggableSchemaResolver.getSchemaMappings(141) | Loading schema mappings from [META-INF/spring.schemas]
[salesapp] DEBUG [main] PluggableSchemaResolver.getSchemaMappings(147) | Loaded schema mappings: {http://www.springframework.org/schema/tx/spring-tx-2.5.xsd=org/springframework/transaction/config/spring-tx-2.5.xsd, http://www.springframework.org/schema/context/spring-context-3.1.xsd=org/springframework/context/config/spring-context-3.1.xsd, http://www.springframework.org/schema/util/spring-util-3.0.xsd=org/springframework/beans/factory/xml/spring-util-3.0.xsd, http://www.springframework.org/schema/tool/spring-tool.xsd=org/springframework/beans/factory/xml/spring-tool-4.0.xsd, http://www.springframework.org/schema/aop/spring-aop-3.2.xsd=org/springframework/aop/config/spring-aop-3.2.xsd, http://www.springframework.org/schema/context/spring-context-4.0.xsd=org/springframework/context/config/spring-context-4.0.xsd, http://www.springframework.org/schema/mvc/spring-mvc-3.2.xsd=org/springframework/web/servlet/config/spring-mvc-3.2.xsd, http://www.springframework.org/schema/lang/spring-lang-3.2.xsd=org/springframework/scripting/config/spring-lang-3.2.xsd, http://www.springframework.org/schema/cache/spring-cache-3.2.xsd=org/springframework/cache/config/spring-cache-3.2.xsd, http://www.springframework.org/schema/jdbc/spring-jdbc-3.1.xsd=org/springframework/jdbc/config/spring-jdbc-3.1.xsd, http://www.springframework.org/schema/util/spring-util-2.0.xsd=org/springframework/beans/factory/xml/spring-util-2.0.xsd, http://www.springframework.org/schema/tool/spring-tool-3.2.xsd=org/springframework/beans/factory/xml/spring-tool-3.2.xsd, http://www.springframework.org/schema/context/spring-context.xsd=org/springframework/context/config/spring-context-4.0.xsd, http://www.springframework.org/schema/aop/spring-aop-4.0.xsd=org/springframework/aop/config/spring-aop-4.0.xsd, http://www.springframework.org/schema/jee/spring-jee-3.2.xsd=org/springframework/ejb/config/spring-jee-3.2.xsd, http://www.springframework.org/schema/context/spring-context-3.0.xsd=org/springframework/context/config/spring-context-3.0.xsd, http://www.springframework.org/schema/jdbc/spring-jdbc-4.0.xsd=org/springframework/jdbc/config/spring-jdbc-4.0.xsd, http://www.springframework.org/schema/util/spring-util-2.5.xsd=org/springframework/beans/factory/xml/spring-util-2.5.xsd, http://www.springframework.org/schema/mvc/spring-mvc-4.0.xsd=org/springframework/web/servlet/config/spring-mvc-4.0.xsd, http://www.springframework.org/schema/beans/spring-beans-3.2.xsd=org/springframework/beans/factory/xml/spring-beans-3.2.xsd, http://www.springframework.org/schema/aop/spring-aop-3.1.xsd=org/springframework/aop/config/spring-aop-3.1.xsd, http://www.springframework.org/schema/lang/spring-lang-4.0.xsd=org/springframework/scripting/config/spring-lang-4.0.xsd, http://www.springframework.org/schema/mvc/spring-mvc.xsd=org/springframework/web/servlet/config/spring-mvc-4.0.xsd, http://www.springframework.org/schema/mvc/spring-mvc-3.1.xsd=org/springframework/web/servlet/config/spring-mvc-3.1.xsd, http://www.springframework.org/schema/tool/spring-tool-4.0.xsd=org/springframework/beans/factory/xml/spring-tool-4.0.xsd, http://www.springframework.org/schema/tx/spring-tx-3.2.xsd=org/springframework/transaction/config/spring-tx-3.2.xsd, http://www.springframework.org/schema/lang/spring-lang-3.1.xsd=org/springframework/scripting/config/spring-lang-3.1.xsd, http://www.springframework.org/schema/cache/spring-cache-3.1.xsd=org/springframework/cache/config/spring-cache-3.1.xsd, http://www.springframework.org/schema/jee/spring-jee-4.0.xsd=org/springframework/ejb/config/spring-jee-4.0.xsd, http://www.springframework.org/schema/jdbc/spring-jdbc-3.0.xsd=org/springframework/jdbc/config/spring-jdbc-3.0.xsd, http://www.springframework.org/schema/jdbc/spring-jdbc.xsd=org/springframework/jdbc/config/spring-jdbc-4.0.xsd, http://www.springframework.org/schema/tool/spring-tool-3.1.xsd=org/springframework/beans/factory/xml/spring-tool-3.1.xsd, http://www.springframework.org/schema/cache/spring-cache-4.0.xsd=org/springframework/cache/config/spring-cache-4.0.xsd, http://www.springframework.org/schema/jee/spring-jee-3.1.xsd=org/springframework/ejb/config/spring-jee-3.1.xsd, http://www.springframework.org/schema/task/spring-task-3.2.xsd=org/springframework/scheduling/config/spring-task-3.2.xsd, http://www.springframework.org/schema/beans/spring-beans-3.1.xsd=org/springframework/beans/factory/xml/spring-beans-3.1.xsd, http://www.springframework.org/schema/util/spring-util.xsd=org/springframework/beans/factory/xml/spring-util-4.0.xsd, http://www.springframework.org/schema/aop/spring-aop-3.0.xsd=org/springframework/aop/config/spring-aop-3.0.xsd, http://www.springframework.org/schema/mvc/spring-mvc-3.0.xsd=org/springframework/web/servlet/config/spring-mvc-3.0.xsd, http://www.springframework.org/schema/beans/spring-beans-4.0.xsd=org/springframework/beans/factory/xml/spring-beans-4.0.xsd, http://www.springframework.org/schema/beans/spring-beans.xsd=org/springframework/beans/factory/xml/spring-beans-4.0.xsd, http://www.springframework.org/schema/lang/spring-lang-3.0.xsd=org/springframework/scripting/config/spring-lang-3.0.xsd, http://www.springframework.org/schema/tx/spring-tx-3.1.xsd=org/springframework/transaction/config/spring-tx-3.1.xsd, http://www.springframework.org/schema/context/spring-context-2.5.xsd=org/springframework/context/config/spring-context-2.5.xsd, http://www.springframework.org/schema/task/spring-task-4.0.xsd=org/springframework/scheduling/config/spring-task-4.0.xsd, http://www.springframework.org/schema/tool/spring-tool-3.0.xsd=org/springframework/beans/factory/xml/spring-tool-3.0.xsd, http://www.springframework.org/schema/tx/spring-tx-4.0.xsd=org/springframework/transaction/config/spring-tx-4.0.xsd, http://www.springframework.org/schema/aop/spring-aop-2.0.xsd=org/springframework/aop/config/spring-aop-2.0.xsd, http://www.springframework.org/schema/jee/spring-jee-3.0.xsd=org/springframework/ejb/config/spring-jee-3.0.xsd, http://www.springframework.org/schema/task/spring-task-3.1.xsd=org/springframework/scheduling/config/spring-task-3.1.xsd, http://www.springframework.org/schema/beans/spring-beans-3.0.xsd=org/springframework/beans/factory/xml/spring-beans-3.0.xsd, http://www.springframework.org/schema/jee/spring-jee.xsd=org/springframework/ejb/config/spring-jee-4.0.xsd, http://www.springframework.org/schema/aop/spring-aop-2.5.xsd=org/springframework/aop/config/spring-aop-2.5.xsd, http://www.springframework.org/schema/lang/spring-lang-2.0.xsd=org/springframework/scripting/config/spring-lang-2.0.xsd, http://www.springframework.org/schema/util/spring-util-3.2.xsd=org/springframework/beans/factory/xml/spring-util-3.2.xsd, http://www.springframework.org/schema/task/spring-task.xsd=org/springframework/scheduling/config/spring-task-4.0.xsd, http://www.springframework.org/schema/tool/spring-tool-2.0.xsd=org/springframework/beans/factory/xml/spring-tool-2.0.xsd, http://www.springframework.org/schema/tx/spring-tx-3.0.xsd=org/springframework/transaction/config/spring-tx-3.0.xsd, http://www.springframework.org/schema/lang/spring-lang-2.5.xsd=org/springframework/scripting/config/spring-lang-2.5.xsd, http://www.springframework.org/schema/jee/spring-jee-2.0.xsd=org/springframework/ejb/config/spring-jee-2.0.xsd, http://www.springframework.org/schema/tool/spring-tool-2.5.xsd=org/springframework/beans/factory/xml/spring-tool-2.5.xsd, http://www.springframework.org/schema/jee/spring-jee-2.5.xsd=org/springframework/ejb/config/spring-jee-2.5.xsd, http://www.springframework.org/schema/util/spring-util-4.0.xsd=org/springframework/beans/factory/xml/spring-util-4.0.xsd, http://www.springframework.org/schema/task/spring-task-3.0.xsd=org/springframework/scheduling/config/spring-task-3.0.xsd, http://www.springframework.org/schema/lang/spring-lang.xsd=org/springframework/scripting/config/spring-lang-4.0.xsd, http://www.springframework.org/schema/context/spring-context-3.2.xsd=org/springframework/context/config/spring-context-3.2.xsd, http://www.springframework.org/schema/util/spring-util-3.1.xsd=org/springframework/beans/factory/xml/spring-util-3.1.xsd, http://www.springframework.org/schema/beans/spring-beans-2.0.xsd=org/springframework/beans/factory/xml/spring-beans-2.0.xsd, http://www.springframework.org/schema/cache/spring-cache.xsd=org/springframework/cache/config/spring-cache-4.0.xsd, http://www.springframework.org/schema/tx/spring-tx.xsd=org/springframework/transaction/config/spring-tx-4.0.xsd, http://www.springframework.org/schema/beans/spring-beans-2.5.xsd=org/springframework/beans/factory/xml/spring-beans-2.5.xsd, http://www.springframework.org/schema/tx/spring-tx-2.0.xsd=org/springframework/transaction/config/spring-tx-2.0.xsd, http://www.springframework.org/schema/jdbc/spring-jdbc-3.2.xsd=org/springframework/jdbc/config/spring-jdbc-3.2.xsd, http://www.springframework.org/schema/aop/spring-aop.xsd=org/springframework/aop/config/spring-aop-4.0.xsd}
[salesapp] DEBUG [main] PluggableSchemaResolver.resolveEntity(119) | Found XML schema [http://www.springframework.org/schema/beans/spring-beans-2.5.xsd] in classpath: org/springframework/beans/factory/xml/spring-beans-2.5.xsd
[salesapp] DEBUG [main] DefaultBeanDefinitionDocumentReader.registerBeanDefinitions(108) | Loading bean definitions
[salesapp] DEBUG [main] BeanDefinitionParserDelegate.parseBeanDefinitionElement(495) | Neither XML &apos;id&apos; nor &apos;name&apos; specified - using generated bean name [org.springframework.beans.factory.config.PropertyPlaceholderConfigurer#0]
[salesapp] DEBUG [main] XmlBeanDefinitionReader.loadBeanDefinitions(223) | Loaded 3 bean definitions from location pattern [classpath:/applicationContext.xml]
[salesapp] INFO [main] XmlBeanDefinitionReader.loadBeanDefinitions(316) | Loading XML bean definitions from class path resource [springweb-dao.xml]
[salesapp] DEBUG [main] DefaultDocumentLoader.loadDocument(73) | Using JAXP provider [com.sun.org.apache.xerces.internal.jaxp.DocumentBuilderFactoryImpl]
[salesapp] DEBUG [main] PluggableSchemaResolver.resolveEntity(119) | Found XML schema [http://www.springframework.org/schema/beans/spring-beans-2.0.xsd] in classpath: org/springframework/beans/factory/xml/spring-beans-2.0.xsd
[salesapp] DEBUG [main] DefaultBeanDefinitionDocumentReader.registerBeanDefinitions(108) | Loading bean definitions
[salesapp] DEBUG [main] XmlBeanDefinitionReader.loadBeanDefinitions(223) | Loaded 2 bean definitions from location pattern [classpath:/springweb-dao.xml]
[salesapp] INFO [main] GenericApplicationContext.prepareRefresh(513) | Refreshing org.springframework.context.support.GenericApplicationContext@548a9f61: startup date [Fri Mar 06 10:41:24 CST 2015]; root of context hierarchy
[salesapp] DEBUG [main] GenericApplicationContext.obtainFreshBeanFactory(543) | Bean factory for org.springframework.context.support.GenericApplicationContext@548a9f61: org.springframework.beans.factory.support.DefaultListableBeanFactory@24b1d79b: defining beans [org.springframework.beans.factory.config.PropertyPlaceholderConfigurer#0,dataSource,transactionManager,jdbcTemplate,CatalogoDao,org.springframework.context.annotation.internalConfigurationAnnotationProcessor,org.springframework.context.annotation.internalAutowiredAnnotationProcessor,org.springframework.context.annotation.internalRequiredAnnotationProcessor,org.springframework.context.annotation.internalCommonAnnotationProcessor]; root of factory hierarchy
[salesapp] DEBUG [main] DefaultListableBeanFactory.getSingleton(220) | Creating shared instance of singleton bean &apos;org.springframework.context.annotation.internalConfigurationAnnotationProcessor&apos;
[salesapp] DEBUG [main] DefaultListableBeanFactory.createBean(449) | Creating instance of bean &apos;org.springframework.context.annotation.internalConfigurationAnnotationProcessor&apos;
[salesapp] DEBUG [main] DefaultListableBeanFactory.doCreateBean(523) | Eagerly caching bean &apos;org.springframework.context.annotation.internalConfigurationAnnotationProcessor&apos; to allow for resolving potential circular references
[salesapp] DEBUG [main] DefaultListableBeanFactory.createBean(477) | Finished creating instance of bean &apos;org.springframework.context.annotation.internalConfigurationAnnotationProcessor&apos;
[salesapp] DEBUG [main] DefaultListableBeanFactory.getSingleton(220) | Creating shared instance of singleton bean &apos;org.springframework.beans.factory.config.PropertyPlaceholderConfigurer#0&apos;
[salesapp] DEBUG [main] DefaultListableBeanFactory.createBean(449) | Creating instance of bean &apos;org.springframework.beans.factory.config.PropertyPlaceholderConfigurer#0&apos;
[salesapp] DEBUG [main] DefaultListableBeanFactory.doCreateBean(523) | Eagerly caching bean &apos;org.springframework.beans.factory.config.PropertyPlaceholderConfigurer#0&apos; to allow for resolving potential circular references
[salesapp] DEBUG [main] DefaultListableBeanFactory.createBean(477) | Finished creating instance of bean &apos;org.springframework.beans.factory.config.PropertyPlaceholderConfigurer#0&apos;
[salesapp] INFO [main] PropertyPlaceholderConfigurer.loadProperties(172) | Loading properties file from class path resource [jdbc.properties]
[salesapp] INFO [main] PropertyPlaceholderConfigurer.loadProperties(172) | Loading properties file from class path resource [log4j.properties]
[salesapp] DEBUG [main] DefaultListableBeanFactory.getSingleton(220) | Creating shared instance of singleton bean &apos;org.springframework.context.annotation.internalAutowiredAnnotationProcessor&apos;
[salesapp] DEBUG [main] DefaultListableBeanFactory.createBean(449) | Creating instance of bean &apos;org.springframework.context.annotation.internalAutowiredAnnotationProcessor&apos;
[salesapp] DEBUG [main] DefaultListableBeanFactory.doCreateBean(523) | Eagerly caching bean &apos;org.springframework.context.annotation.internalAutowiredAnnotationProcessor&apos; to allow for resolving potential circular references
[salesapp] DEBUG [main] DefaultListableBeanFactory.createBean(477) | Finished creating instance of bean &apos;org.springframework.context.annotation.internalAutowiredAnnotationProcessor&apos;
[salesapp] DEBUG [main] DefaultListableBeanFactory.getSingleton(220) | Creating shared instance of singleton bean &apos;org.springframework.context.annotation.internalRequiredAnnotationProcessor&apos;
[salesapp] DEBUG [main] DefaultListableBeanFactory.createBean(449) | Creating instance of bean &apos;org.springframework.context.annotation.internalRequiredAnnotationProcessor&apos;
[salesapp] DEBUG [main] DefaultListableBeanFactory.doCreateBean(523) | Eagerly caching bean &apos;org.springframework.context.annotation.internalRequiredAnnotationProcessor&apos; to allow for resolving potential circular references
[salesapp] DEBUG [main] DefaultListableBeanFactory.createBean(477) | Finished creating instance of bean &apos;org.springframework.context.annotation.internalRequiredAnnotationProcessor&apos;
[salesapp] DEBUG [main] DefaultListableBeanFactory.getSingleton(220) | Creating shared instance of singleton bean &apos;org.springframework.context.annotation.internalCommonAnnotationProcessor&apos;
[salesapp] DEBUG [main] DefaultListableBeanFactory.createBean(449) | Creating instance of bean &apos;org.springframework.context.annotation.internalCommonAnnotationProcessor&apos;
[salesapp] DEBUG [main] DefaultListableBeanFactory.doCreateBean(523) | Eagerly caching bean &apos;org.springframework.context.annotation.internalCommonAnnotationProcessor&apos; to allow for resolving potential circular references
[salesapp] DEBUG [main] DefaultListableBeanFactory.createBean(477) | Finished creating instance of bean &apos;org.springframework.context.annotation.internalCommonAnnotationProcessor&apos;
[salesapp] DEBUG [main] DefaultListableBeanFactory.getSingleton(220) | Creating shared instance of singleton bean &apos;org.springframework.context.annotation.ConfigurationClassPostProcessor.importAwareProcessor&apos;
[salesapp] DEBUG [main] DefaultListableBeanFactory.createBean(449) | Creating instance of bean &apos;org.springframework.context.annotation.ConfigurationClassPostProcessor.importAwareProcessor&apos;
[salesapp] DEBUG [main] DefaultListableBeanFactory.doCreateBean(523) | Eagerly caching bean &apos;org.springframework.context.annotation.ConfigurationClassPostProcessor.importAwareProcessor&apos; to allow for resolving potential circular references
[salesapp] DEBUG [main] DefaultListableBeanFactory.createBean(477) | Finished creating instance of bean &apos;org.springframework.context.annotation.ConfigurationClassPostProcessor.importAwareProcessor&apos;
[salesapp] DEBUG [main] DefaultListableBeanFactory.getSingleton(220) | Creating shared instance of singleton bean &apos;org.springframework.context.annotation.ConfigurationClassPostProcessor.enhancedConfigurationProcessor&apos;
[salesapp] DEBUG [main] DefaultListableBeanFactory.createBean(449) | Creating instance of bean &apos;org.springframework.context.annotation.ConfigurationClassPostProcessor.enhancedConfigurationProcessor&apos;
[salesapp] DEBUG [main] DefaultListableBeanFactory.doCreateBean(523) | Eagerly caching bean &apos;org.springframework.context.annotation.ConfigurationClassPostProcessor.enhancedConfigurationProcessor&apos; to allow for resolving potential circular references
[salesapp] DEBUG [main] DefaultListableBeanFactory.createBean(477) | Finished creating instance of bean &apos;org.springframework.context.annotation.ConfigurationClassPostProcessor.enhancedConfigurationProcessor&apos;
[salesapp] DEBUG [main] GenericApplicationContext.initMessageSource(649) | Unable to locate MessageSource with name &apos;messageSource&apos;: using default [org.springframework.context.support.DelegatingMessageSource@1d082e88]
[salesapp] DEBUG [main] GenericApplicationContext.initApplicationEventMulticaster(673) | Unable to locate ApplicationEventMulticaster with name &apos;applicationEventMulticaster&apos;: using default [org.springframework.context.event.SimpleApplicationEventMulticaster@2fd6b6c7]
[salesapp] DEBUG [main] DefaultListableBeanFactory.preInstantiateSingletons(672) | Pre-instantiating singletons in org.springframework.beans.factory.support.DefaultListableBeanFactory@24b1d79b: defining beans [org.springframework.beans.factory.config.PropertyPlaceholderConfigurer#0,dataSource,transactionManager,jdbcTemplate,CatalogoDao,org.springframework.context.annotation.internalConfigurationAnnotationProcessor,org.springframework.context.annotation.internalAutowiredAnnotationProcessor,org.springframework.context.annotation.internalRequiredAnnotationProcessor,org.springframework.context.annotation.internalCommonAnnotationProcessor,org.springframework.context.annotation.ConfigurationClassPostProcessor.importAwareProcessor,org.springframework.context.annotation.ConfigurationClassPostProcessor.enhancedConfigurationProcessor]; root of factory hierarchy
[salesapp] DEBUG [main] DefaultListableBeanFactory.doGetBean(249) | Returning cached instance of singleton bean &apos;org.springframework.beans.factory.config.PropertyPlaceholderConfigurer#0&apos;
[salesapp] DEBUG [main] DefaultListableBeanFactory.getSingleton(220) | Creating shared instance of singleton bean &apos;dataSource&apos;
[salesapp] DEBUG [main] DefaultListableBeanFactory.createBean(449) | Creating instance of bean &apos;dataSource&apos;
[salesapp] DEBUG [main] DefaultListableBeanFactory.doCreateBean(523) | Eagerly caching bean &apos;dataSource&apos; to allow for resolving potential circular references
[salesapp] INFO [main] DriverManagerDataSource.setDriverClassName(133) | Loaded JDBC driver: com.mysql.jdbc.Driver
[salesapp] DEBUG [main] DefaultListableBeanFactory.createBean(477) | Finished creating instance of bean &apos;dataSource&apos;
[salesapp] DEBUG [main] DefaultListableBeanFactory.getSingleton(220) | Creating shared instance of singleton bean &apos;transactionManager&apos;
[salesapp] DEBUG [main] DefaultListableBeanFactory.createBean(449) | Creating instance of bean &apos;transactionManager&apos;
[salesapp] DEBUG [main] DefaultListableBeanFactory.doCreateBean(523) | Eagerly caching bean &apos;transactionManager&apos; to allow for resolving potential circular references
[salesapp] DEBUG [main] DefaultListableBeanFactory.doGetBean(249) | Returning cached instance of singleton bean &apos;dataSource&apos;
[salesapp] DEBUG [main] DefaultListableBeanFactory.invokeInitMethods(1595) | Invoking afterPropertiesSet() on bean with name &apos;transactionManager&apos;
[salesapp] DEBUG [main] DefaultListableBeanFactory.createBean(477) | Finished creating instance of bean &apos;transactionManager&apos;
[salesapp] DEBUG [main] DefaultListableBeanFactory.getSingleton(220) | Creating shared instance of singleton bean &apos;jdbcTemplate&apos;
[salesapp] DEBUG [main] DefaultListableBeanFactory.createBean(449) | Creating instance of bean &apos;jdbcTemplate&apos;
[salesapp] DEBUG [main] DefaultListableBeanFactory.doCreateBean(523) | Eagerly caching bean &apos;jdbcTemplate&apos; to allow for resolving potential circular references
[salesapp] DEBUG [main] DefaultListableBeanFactory.doGetBean(249) | Returning cached instance of singleton bean &apos;dataSource&apos;
[salesapp] DEBUG [main] DefaultListableBeanFactory.invokeInitMethods(1595) | Invoking afterPropertiesSet() on bean with name &apos;jdbcTemplate&apos;
[salesapp] DEBUG [main] DefaultListableBeanFactory.createBean(477) | Finished creating instance of bean &apos;jdbcTemplate&apos;
[salesapp] DEBUG [main] DefaultListableBeanFactory.getSingleton(220) | Creating shared instance of singleton bean &apos;CatalogoDao&apos;
[salesapp] DEBUG [main] DefaultListableBeanFactory.createBean(449) | Creating instance of bean &apos;CatalogoDao&apos;
[salesapp] DEBUG [main] DefaultListableBeanFactory.doCreateBean(523) | Eagerly caching bean &apos;CatalogoDao&apos; to allow for resolving potential circular references
[salesapp] DEBUG [main] DefaultListableBeanFactory.doGetBean(249) | Returning cached instance of singleton bean &apos;jdbcTemplate&apos;
[salesapp] DEBUG [main] DefaultListableBeanFactory.createBean(477) | Finished creating instance of bean &apos;CatalogoDao&apos;
[salesapp] DEBUG [main] DefaultListableBeanFactory.doGetBean(249) | Returning cached instance of singleton bean &apos;org.springframework.context.annotation.internalConfigurationAnnotationProcessor&apos;
[salesapp] DEBUG [main] DefaultListableBeanFactory.doGetBean(249) | Returning cached instance of singleton bean &apos;org.springframework.context.annotation.internalAutowiredAnnotationProcessor&apos;
[salesapp] DEBUG [main] DefaultListableBeanFactory.doGetBean(249) | Returning cached instance of singleton bean &apos;org.springframework.context.annotation.internalRequiredAnnotationProcessor&apos;
[salesapp] DEBUG [main] DefaultListableBeanFactory.doGetBean(249) | Returning cached instance of singleton bean &apos;org.springframework.context.annotation.internalCommonAnnotationProcessor&apos;
[salesapp] DEBUG [main] DefaultListableBeanFactory.doGetBean(249) | Returning cached instance of singleton bean &apos;org.springframework.context.annotation.ConfigurationClassPostProcessor.importAwareProcessor&apos;
[salesapp] DEBUG [main] DefaultListableBeanFactory.doGetBean(249) | Returning cached instance of singleton bean &apos;org.springframework.context.annotation.ConfigurationClassPostProcessor.enhancedConfigurationProcessor&apos;
[salesapp] DEBUG [main] GenericApplicationContext.initLifecycleProcessor(700) | Unable to locate LifecycleProcessor with name &apos;lifecycleProcessor&apos;: using default [org.springframework.context.support.DefaultLifecycleProcessor@6ef888f6]
[salesapp] DEBUG [main] DefaultListableBeanFactory.doGetBean(249) | Returning cached instance of singleton bean &apos;lifecycleProcessor&apos;
[salesapp] DEBUG [main] PropertySourcesPropertyResolver.getProperty(81) | Searching for key &apos;spring.liveBeansView.mbeanDomain&apos; in [systemProperties]
[salesapp] DEBUG [main] PropertySourcesPropertyResolver.getProperty(81) | Searching for key &apos;spring.liveBeansView.mbeanDomain&apos; in [systemEnvironment]
[salesapp] DEBUG [main] PropertySourcesPropertyResolver.getProperty(103) | Could not find key &apos;spring.liveBeansView.mbeanDomain&apos; in any property source. Returning [null]
[salesapp] DEBUG [main] CacheAwareContextLoaderDelegate.loadContext(93) | Storing ApplicationContext in cache under key [[MergedContextConfiguration@6276ae34 testClass = CatalogoDaoTest, locations = &apos;{classpath:/applicationContext.xml, classpath:/springweb-dao.xml}&apos;, classes = &apos;{}&apos;, contextInitializerClasses = &apos;[]&apos;, activeProfiles = &apos;{}&apos;, contextLoader = &apos;org.springframework.test.context.support.DelegatingSmartContextLoader&apos;, parent = [null]]].
[salesapp] DEBUG [main] InjectionMetadata.inject(85) | Processing injected method of bean &apos;com.softtek.salesapplication.dao.CatalogoDaoTest&apos;: AutowiredFieldElement for private com.softtek.salesapplication.dao.impl.CatalogoDao com.softtek.salesapplication.dao.CatalogoDaoTest.catalogoDao
[salesapp] DEBUG [main] DefaultListableBeanFactory.doGetBean(249) | Returning cached instance of singleton bean &apos;CatalogoDao&apos;
[salesapp] DEBUG [main] AutowiredAnnotationBeanPostProcessor.registerDependentBeans(427) | Autowiring by type from bean name &apos;com.softtek.salesapplication.dao.CatalogoDaoTest&apos; to bean named &apos;CatalogoDao&apos;
[salesapp] DEBUG [main] JdbcTemplate.query(445) | Executing SQL query [SELECT * FROM for_spring.CATALOGO]
[salesapp] DEBUG [main] DataSourceUtils.doGetConnection(110) | Fetching JDBC Connection from DataSource
[salesapp] DEBUG [main] DriverManagerDataSource.getConnectionFromDriver(142) | Creating new JDBC DriverManager Connection to [jdbc:mysql://127.0.0.1:3306/spring]
[salesapp] DEBUG [main] DirtiesContextTestExecutionListener.afterTestMethod(94) | After test method: context [DefaultTestContext@61a485d2 testClass = CatalogoDaoTest, testInstance = com.softtek.salesapplication.dao.CatalogoDaoTest@39fb3ab6, testMethod = catalogoDaoTest@CatalogoDaoTest, testException = org.springframework.jdbc.CannotGetJdbcConnectionException: Could not get JDBC Connection; nested exception is com.mysql.jdbc.exceptions.jdbc4.MySQLSyntaxErrorException: Unknown database &apos;spring&apos;, mergedContextConfiguration = [MergedContextConfiguration@6276ae34 testClass = CatalogoDaoTest, locations = &apos;{classpath:/applicationContext.xml, classpath:/springweb-dao.xml}&apos;, classes = &apos;{}&apos;, contextInitializerClasses = &apos;[]&apos;, activeProfiles = &apos;{}&apos;, contextLoader = &apos;org.springframework.test.context.support.DelegatingSmartContextLoader&apos;, parent = [null]]], class dirties context [false], class mode [null], method dirties context [false].
</system-out>
  </testcase>
</testsuite>